c:\users\utilizador\desktop\cg\build\src\engine\engine.dir\debug\vc143.pdb
c:\users\utilizador\desktop\cg\build\src\engine\engine.dir\debug\parse.obj
c:\users\utilizador\desktop\cg\build\src\engine\engine.dir\debug\main.obj
c:\users\utilizador\desktop\cg\build\src\engine\engine.dir\debug\draw.obj
c:\users\utilizador\desktop\cg\build\src\engine\engine.dir\debug\configuration.obj
c:\users\utilizador\desktop\cg\build\src\engine\engine.dir\debug\camera.obj
c:\users\utilizador\desktop\cg\build\src\engine\engine.dir\debug\window.obj
c:\users\utilizador\desktop\cg\build\src\engine\cmakefiles\generate.stamp
c:\users\utilizador\desktop\cg\build\src\engine\debug\engine.exe
c:\users\utilizador\desktop\cg\build\src\engine\debug\engine.pdb
c:\users\utilizador\desktop\cg\build\src\engine\engine.dir\debug\engine.ilk
c:\users\utilizador\desktop\cg\build\src\engine\engine.dir\debug\engine.tlog\cl.command.1.tlog
c:\users\utilizador\desktop\cg\build\src\engine\engine.dir\debug\engine.tlog\cl.items.tlog
c:\users\utilizador\desktop\cg\build\src\engine\engine.dir\debug\engine.tlog\cl.read.1.tlog
c:\users\utilizador\desktop\cg\build\src\engine\engine.dir\debug\engine.tlog\cl.write.1.tlog
c:\users\utilizador\desktop\cg\build\src\engine\engine.dir\debug\engine.tlog\custombuild.command.1.tlog
c:\users\utilizador\desktop\cg\build\src\engine\engine.dir\debug\engine.tlog\custombuild.read.1.tlog
c:\users\utilizador\desktop\cg\build\src\engine\engine.dir\debug\engine.tlog\custombuild.write.1.tlog
c:\users\utilizador\desktop\cg\build\src\engine\engine.dir\debug\engine.tlog\link.command.1.tlog
c:\users\utilizador\desktop\cg\build\src\engine\engine.dir\debug\engine.tlog\link.read.1.tlog
c:\users\utilizador\desktop\cg\build\src\engine\engine.dir\debug\engine.tlog\link.secondary.1.tlog
c:\users\utilizador\desktop\cg\build\src\engine\engine.dir\debug\engine.tlog\link.write.1.tlog
